This is e-pTeX, Version 3.141592653-p4.0.0-220214-2.6 (utf8.sjis) (TeX Live 2022) (preloaded format=platex 2022.12.21)  20 SEP 2024 20:43
entering extended mode
 restricted \write18 enabled.
 %&-line parsing enabled.
**ieicej.cls
(./ieicej.cls
pLaTeX2e <2021-11-15>+1 (based on LaTeX2e <2022-11-01> patch level 1)
L3 programming layer <2022-12-17>

LaTeX Warning: You have requested package `',
               but the package provides `ieicej'.

Package: ieicej 2023/11/21 v3.4a for Transactions of IEICE

! LaTeX Error: Missing \begin{document}.

See the LaTeX manual or LaTeX Companion for explanation.
Type  H <return>  for immediate help.
 ...                                              
                                                  
l.27 \newif\if@
               enable@uptex \@enable@uptexfalse
? 
! Emergency stop.
 ...                                              
                                                  
l.27 \newif\if@
               enable@uptex \@enable@uptexfalse
You're in trouble here.  Try typing  <return>  to proceed.
If that doesn't work, type  X <return>  to quit.

 
Here is how much of TeX's memory you used:
 23 strings out of 476552
 480 string characters out of 5806845
 1848797 words of memory out of 5000000
 20727 multiletter control sequences out of 15000+600000
 516158 words of font info for 49 fonts, out of 8000000 for 9000
 929 hyphenation exceptions out of 8191
 15i,0n,23p,85b,18s stack positions out of 10000i,1000n,20000p,200000b,200000s
No pages of output.
